https://github.com/TinCanTech/easy-tls
  Change log:

Version 2.2
* TBD
  Complete script support for --tls-auth and --tls-crypt keys
  Commit 1dab7536cce344c931861bdb75c76f7c06333ed6

Version 2.1
* 2021-05-23
  Introduce 'no-ca' mode to support OpenVPN Peer-Fingerprint mode
  Commit 234ced916c9e7e6f3e5bf9205c87a84528d62ad2
  * Currently requires https://github.com/TinCanTech/easy-pfp

Version 1.28
* No tag
  Add an X509 style check for certificate revokation to --tls-verify
  Commit 38af6f4d23ed4f5eb7afc2356dc42f826af9a35b
  Introduce support for --tls-auth and --tls-crypt(v1) clients
  commit 4815f858d5af82696ff908cb09f8cbc86a5d022a

Version 1.27 (Official release)
* 2021-03-31
  commit cd52aede5447df145528ca961b832fcb81d2d5ea

Creation date
* 2020-03-13
  Initial commit

